Arguments: 
  /usr/local/bin/node /usr/local/Cellar/yarn/1.5.1_1/libexec/bin/yarn.js i

PATH: 
  /Library/Frameworks/Python.framework/Versions/3.6/bin:/Users/pauldejean/.rbenv/shims:/Users/pauldejean/.rbenv/bin:/Users/pauldejean/.rvm/gems/ruby-2.2.1/bin:/Users/pauldejean/.rvm/gems/ruby-2.2.1@global/bin:/Users/pauldejean/.rvm/rubies/ruby-2.2.1/bin:/usr/local/php5/bin:/usr/bin:/bin:/usr/sbin:/sbin:/usr/local/bin:/opt/X11/bin:/usr/local/share/dotnet:/usr/local/go/bin:/opt/ImageMagick/bin:/Library/Frameworks/Mono.framework/Versions/Current/Commands:/Users/pauldejean/.rvm/bin:/usr/local/mysql/bin:/Applications/Sublime Text.app/Contents/SharedSupport/bin/

Yarn version: 
  1.5.1

Node version: 
  8.10.0

Platform: 
  darwin x64

npm manifest: 
  {
    "name": "sagg-backend",
    "version": "0.1.0",
    "main": "index.js",
    "scripts": {
      "start": "dotenv nodemon src/index.js",
      "prod": "dotenv node src/index.js",
      "setup-env": "node -e \"(fs => fs.existsSync('.env') || fs.copyFileSync('.env.example', '.env'))(require('fs'))\"",
      "test": "eslint src/",
      "lint:fix": "eslint --fix src/",
      "apidoc": "apidoc -i src/ -o doc/"
    },
    "keywords": [
      "react",
      "express",
      "boilerplate"
    ],
    "license": "MIT",
    "apidoc": {
      "title": "ApiDoc pour le projet SAGG",
      "url": "/api",
      "sampleUrl": "http://localhost:4000/api"
    },
    "dependencies": {
      "body-parser": "^1.18.2",
      "cors": "^2.8.4",
      "dotenv-cli": "^1.4.0",
      "ebm-auth": "^0.3.2",
      "express": "^4.16.2",
      "express-jwt": "^5.3.0",
      "jsonwebtoken": "^8.2.0",
      "mongoose": "^5.0.9",
      "passport": "^0.4.0",
      "passport-local": "^1.0.0",
      "serve-static": "^1.13.1",
      "validator": "^9.4.1"
    },
    "devDependencies": {
      "apidoc": "^0.17.6",
      "eslint": "^4.16.0",
      "eslint-config-airbnb-base": "^12.1.0",
      "eslint-plugin-import": "^2.8.0",
      "nodemon": "^1.14.11"
    }
  }

yarn manifest: 
  No manifest

Lockfile: 
  No lockfile

Trace: 
  Error: Command "i" not found.
      at new MessageError (/usr/local/Cellar/yarn/1.5.1_1/libexec/lib/cli.js:186:110)
      at /usr/local/Cellar/yarn/1.5.1_1/libexec/lib/cli.js:87307:17
      at Generator.next (<anonymous>)
      at step (/usr/local/Cellar/yarn/1.5.1_1/libexec/lib/cli.js:98:30)
      at /usr/local/Cellar/yarn/1.5.1_1/libexec/lib/cli.js:116:14
      at new Promise (<anonymous>)
      at new F (/usr/local/Cellar/yarn/1.5.1_1/libexec/lib/cli.js:23451:28)
      at /usr/local/Cellar/yarn/1.5.1_1/libexec/lib/cli.js:95:12
      at runCommand (/usr/local/Cellar/yarn/1.5.1_1/libexec/lib/cli.js:87312:22)
      at Object.<anonymous> (/usr/local/Cellar/yarn/1.5.1_1/libexec/lib/cli.js:87412:14)
